<?xml version="1.0" encoding="UTF-8"?>
<testng-results skipped="0" failed="0" ignored="0" total="2" passed="2">
  <reporter-output>
  </reporter-output>
  <suite name="Default suite" duration-ms="45" started-at="2021-06-05T15:20:33 IST" finished-at="2021-06-05T15:20:33 IST">
    <groups>
    </groups>
    <test name="Default test" duration-ms="45" started-at="2021-06-05T15:20:33 IST" finished-at="2021-06-05T15:20:33 IST">
      <class name="testclasses.Testng_Demo">
        <test-method status="PASS" signature="testMethod1()[pri:0, instance:testclasses.Testng_Demo@5a8806ef]" name="testMethod1" duration-ms="9" started-at="2021-06-05T15:20:33 IST" finished-at="2021-06-05T15:20:33 IST">
          <reporter-output>
          </reporter-output>
        </test-method> <!-- testMethod1 -->
        <test-method status="PASS" signature="testMethod2()[pri:0, instance:testclasses.Testng_Demo@5a8806ef]" name="testMethod2" duration-ms="1" started-at="2021-06-05T15:20:33 IST" finished-at="2021-06-05T15:20:33 IST">
          <reporter-output>
          </reporter-output>
        </test-method> <!-- testMethod2 -->
      </class> <!-- testclasses.Testng_Demo -->
    </test> <!-- Default test -->
  </suite> <!-- Default suite -->
</testng-results>
